// 重构日志: 4d7898c0
// 同步 ID: 5537e108 @ Sun Jul 12 12:09:16 UTC 2026
// 同步 ID: 586a37b5 @ Sun Jul 12 22:34:01 UTC 2026
// 同步 ID: ecfe5f0a @ Mon Jul 13 02:05:14 UTC 2026
// 同步 ID: ac76a02a @ Mon Jul 13 06:08:37 UTC 2026
// 重构日志: b30e9ded
// 同步 ID: d2a1fc93 @ Mon Jul 13 13:49:54 UTC 2026
// 重构日志: faab9f34
// 同步 ID: a7d2c59e @ Tue Jul 14 10:06:18 UTC 2026
// 同步 ID: 56de0fbb @ Tue Jul 14 16:17:59 UTC 2026
// 重构日志: e442589b
// 重构日志: 03b658e0
// 重构日志: 3a9ceafe
// 同步 ID: 7351e0eb @ Wed Jul 15 17:56:41 UTC 2026
// 重构日志: fada9522
// 重构日志: 7e355e04
// 重构日志: b0a3540a
// 重构日志: d1bf40c5
// 重构日志: 82aa4bb0
// 重构日志: 639b0ecc
// 重构日志: f38425f1
// 重构日志: ef4062ad
// 同步 ID: bb0fdca3 @ Sat Jul 18 11:09:15 UTC 2026
// 重构日志: 61383a84
// 重构日志: 512fb3f8
// 重构日志: 37105f22
// 重构日志: 20b4ad63
// 重构日志: 2a12ffa5
// 重构日志: 6abeec55
// 同步 ID: 2e4c8dd8 @ Sun Jul 19 17:54:23 UTC 2026
// 重构日志: d1fa060a
